#
# A fatal error has been detected by the Java Runtime Environment:
#
#  EXCEPTION_ACCESS_VIOLATION (0xc0000005) at pc=0x0000000069ac29bf, pid=18388, tid=16184
#
# JRE version: Java(TM) SE Runtime Environment (23.0.2+7) (build 23.0.2+7-58)
# Java VM: Java HotSpot(TM) 64-Bit Server VM (23.0.2+7-58, mixed mode, sharing, tiered, compressed oops, compressed class ptrs, g1 gc, windows-amd64)
# Problematic frame:
# C  [jansi-2.4.0-3d2ee1a2e06054b5-jansi.dll+0x29bf]
#
# No core dump will be written. Minidumps are not enabled by default on client versions of Windows
#
# If you would like to submit a bug report, please visit:
#   https://bugreport.java.com/bugreport/crash.jsp
# The crash happened outside the Java Virtual Machine in native code.
# See problematic frame for where to report the bug.
#

---------------  S U M M A R Y ------------

Command Line: C:\Users\loren\.m2\repository\org\fusesource\jansi\jansi\2.4.0\jansi-2.4.0.jar

Host: AMD Ryzen 5 3500U with Radeon Vega Mobile Gfx  , 8 cores, 5G,  Windows 11 , 64 bit Build 22621 (10.0.22621.5124)
Time: Tue May 13 15:58:36 2025 ora legale Europa occidentale elapsed time: 0.194641 seconds (0d 0h 0m 0s)

---------------  T H R E A D  ---------------

Current thread (0x000001a4a5fdc780):  JavaThread "main"             [_thread_in_native, id=16184, stack(0x0000000a6d400000,0x0000000a6d500000) (1024K)]

Stack: [0x0000000a6d400000,0x0000000a6d500000],  sp=0x0000000a6d4fedb0,  free space=1019k
Native frames: (J=compiled Java code, j=interpreted, Vv=VM code, C=native code)
C  [jansi-2.4.0-3d2ee1a2e06054b5-jansi.dll+0x29bf]  (no source info available)
C  0x000001a4b800d207  (no source info available)

The last pc belongs to native method entry point (kind = native) (printed below).
Java frames: (J=compiled Java code, j=interpreted, Vv=VM code)
j  org.fusesource.jansi.internal.CLibrary.isatty(I)I+0
j  org.fusesource.jansi.AnsiMain.diagnoseTty(Z)V+21
j  org.fusesource.jansi.AnsiMain.main([Ljava/lang/String;)V+910
v  ~StubRoutines::call_stub 0x000001a4b8000fcd

siginfo: EXCEPTION_ACCESS_VIOLATION (0xc0000005), writing address 0x0000000000000000


Registers:
RAX=0x0000000000000000, RBX=0x000001a50641e4b0, RCX=0x0000000000000000, RDX=0x0000000069ac6362
RSP=0x0000000a6d4fedb0, RBP=0x0000000a6d4ff278, RSI=0x0000000000000a73, RDI=0x0000000000000000
R8 =0x0000000a6d4feda8, R9 =0x0000000000000000, R10=0x0000000000000000, R11=0x0000000000000246
R12=0x0000000000000000, R13=0x000001a50641e4b0, R14=0x0000000a6d4ff298, R15=0x000001a4a5fdc780
RIP=0x0000000069ac29bf, EFLAGS=0x0000000000010256


Register to memory mapping:

RAX=0x0 is null
RBX={method} {0x000001a50641e4b8} 'isatty' '(I)I' in 'org/fusesource/jansi/internal/CLibrary'
RCX=0x0 is null
RDX=0x0000000069ac6362 jansi-2.4.0-3d2ee1a2e06054b5-jansi.dll
RSP=0x0000000a6d4fedb0 is pointing into the stack for thread: 0x000001a4a5fdc780
RBP=0x0000000a6d4ff278 is pointing into the stack for thread: 0x000001a4a5fdc780
RSI=0x0000000000000a73 is an unknown value
RDI=0x0 is null
R8 =0x0000000a6d4feda8 is pointing into the stack for thread: 0x000001a4a5fdc780
R9 =0x0 is null
R10=0x0 is null
R11=0x0000000000000246 is an unknown value
R12=0x0 is null
R13={method} {0x000001a50641e4b8} 'isatty' '(I)I' in 'org/fusesource/jansi/internal/CLibrary'
R14=0x0000000a6d4ff298 is pointing into the stack for thread: 0x000001a4a5fdc780
R15=0x000001a4a5fdc780 is a thread

Top of Stack: (sp=0x0000000a6d4fedb0)
0x0000000a6d4fedb0:   000001a50641e4b0 00007ffcdeb905d0
0x0000000a6d4fedc0:   0000000a6d4ff278 0000000000000a73
0x0000000a6d4fedd0:   0000000a6d4fedec 000001a4b800a5d5
0x0000000a6d4fede0:   000001a50641e4b0 0000001000000000
0x0000000a6d4fedf0:   0000000000000000 0000000000000000
0x0000000a6d4fee00:   0000000a6d4ff100 0000000000000400
0x0000000a6d4fee10:   0000000000000400 00007ffc291e34c0
0x0000000a6d4fee20:   000001a50641e4b0 000001a4a5fdc780
0x0000000a6d4fee30:   00007ffc297fd588 0000000000000000
0x0000000a6d4fee40:   0000000000000007 000001a4b800a5d5
0x0000000a6d4fee50:   000001a50641e4b0 00000000ffffff00
0x0000000a6d4fee60:   0000000a6d4ff1b0 000000000000000e
0x0000000a6d4fee70:   0000000000000155 000001a4b8026c13
0x0000000a6d4fee80:   0000000a6d4fef40 00007ffc29068f4c
0x0000000a6d4fee90:   0000000000000047 0000000a6d4fefc0
0x0000000a6d4feea0:   000000000000000e 0000000a6d4ff298
0x0000000a6d4feeb0:   00007ffc29ab2e08 00007ffc292125b2
0x0000000a6d4feec0:   00000000ffffffff 0000000000000047
0x0000000a6d4feed0:   000001a4a5fdc780 0000000000000a73
0x0000000a6d4feee0:   00007ffc297f8738 0000003200000000
0x0000000a6d4feef0:   0000000000000000 0000000000000000
0x0000000a6d4fef00:   000001a4a6049ec0 000001a4a60ae9e0
0x0000000a6d4fef10:   000001a4a60ae9f0 000001a4a60aedc8
0x0000000a6d4fef20:   00000000000003d8 0000000000000000
0x0000000a6d4fef30:   000001a50641e4b0 0000000a6d4fefe0
0x0000000a6d4fef40:   00007ffc297fd620 0000000000000000
0x0000000a6d4fef50:   0000000000000000 0000000000000000
0x0000000a6d4fef60:   0000000000000000 0000000000000000
0x0000000a6d4fef70:   0000000000000000 0000000000000000
0x0000000a6d4fef80:   0000000000000000 000000006d4f0000
0x0000000a6d4fef90:   000001a4a60ae900 0000000a6d4fef40
0x0000000a6d4fefa0:   000001a4b8025dc0 0000000000000000 

Instructions: (pc=0x0000000069ac29bf)
0x0000000069ac28bf:   e1 49 89 c5 49 8b 04 24 48 8b 54 24 68 4c 89 6c
0x0000000069ac28cf:   24 20 ff 90 e0 06 00 00 4c 89 e8 66 41 c7 44 1d
0x0000000069ac28df:   fe 00 00 48 83 c4 40 5b 41 5c 41 5d c3 90 90 90
0x0000000069ac28ef:   90 41 54 48 81 ec 40 04 00 00 44 89 c1 ff 15 ea
0x0000000069ac28ff:   89 00 00 49 89 c4 48 89 c1 ff 15 16 89 00 00 83
0x0000000069ac290f:   f8 02 75 15 48 8d 54 24 40 4c 89 e1 ff 15 eb 88
0x0000000069ac291f:   00 00 85 c0 e9 ba 00 00 00 48 83 3d f0 66 00 00
0x0000000069ac292f:   00 75 14 48 8d 0d 07 3a 00 00 ff 15 1d 89 00 00
0x0000000069ac293f:   48 89 05 da 66 00 00 48 8b 0d d3 66 00 00 48 85
0x0000000069ac294f:   c9 75 07 31 c0 e9 aa 00 00 00 48 83 3d c7 66 00
0x0000000069ac295f:   00 00 75 14 48 8d 15 ea 39 00 00 ff 15 cc 88 00
0x0000000069ac296f:   00 48 89 05 b1 66 00 00 48 8b 05 aa 66 00 00 48
0x0000000069ac297f:   85 c0 74 cf 48 8d 54 24 3c 41 b9 fe 03 00 00 4c
0x0000000069ac298f:   8d 44 24 40 4c 89 e1 48 89 54 24 20 ba 01 00 00
0x0000000069ac299f:   00 ff d0 85 c0 75 ac 8b 44 24 40 4c 8b 64 24 48
0x0000000069ac29af:   48 8d 15 ac 39 00 00 66 d1 e8 4c 89 e1 0f b7 c0
0x0000000069ac29bf:   66 41 c7 04 44 00 00 e8 15 20 00 00 48 85 c0 74
0x0000000069ac29cf:   1a 48 8d 15 97 39 00 00 4c 89 e1 e8 01 20 00 00
0x0000000069ac29df:   48 85 c0 0f 95 c0 0f b6 c0 eb 19 48 8d 15 87 39
0x0000000069ac29ef:   00 00 4c 89 e1 e8 e7 1f 00 00 48 85 c0 75 d2 e9
0x0000000069ac29ff:   4f ff ff ff 48 81 c4 40 04 00 00 41 5c c3 90 90
0x0000000069ac2a0f:   90 41 54 48 83 ec 20 83 3d e3 67 00 00 00 49 89
0x0000000069ac2a1f:   cc 75 6b 48 8b 01 ff 90 f8 00 00 00 4c 8d 0d 5e
0x0000000069ac2a2f:   39 00 00 4c 8d 05 59 39 00 00 4c 89 e1 48 89 c2
0x0000000069ac2a3f:   48 89 05 c2 67 00 00 49 8b 04 24 ff 90 f0 02 00
0x0000000069ac2a4f:   00 48 8b 15 b1 67 00 00 4c 8d 0d 3f 39 00 00 4c
0x0000000069ac2a5f:   89 e1 48 89 05 a8 67 00 00 49 8b 04 24 4c 8d 05
0x0000000069ac2a6f:   2c 39 00 00 ff 90 f0 02 00 00 48 89 05 98 67 00
0x0000000069ac2a7f:   00 0f ae f0 c7 05 73 67 00 00 01 00 00 00 48 83
0x0000000069ac2a8f:   c4 20 41 5c c3 41 56 41 55 41 54 48 83 ec 20 83
0x0000000069ac2a9f:   3d 5b 67 00 00 00 49 89 cc 49 89 d6 4d 89 c5 75
0x0000000069ac2aaf:   05 e8 5b ff ff ff 49 8b 04 24 4c 89 f2 4c 89 e1 


Stack slot to memory mapping:

stack at sp + 0 slots: {method} {0x000001a50641e4b8} 'isatty' '(I)I' in 'org/fusesource/jansi/internal/CLibrary'
stack at sp + 1 slots: 0x00007ffcdeb905d0 ntdll.dll
stack at sp + 2 slots: 0x0000000a6d4ff278 is pointing into the stack for thread: 0x000001a4a5fdc780
stack at sp + 3 slots: 0x0000000000000a73 is an unknown value
stack at sp + 4 slots: 0x0000000a6d4fedec is pointing into the stack for thread: 0x000001a4a5fdc780
stack at sp + 5 slots: 0x000001a4b800a5d5 is at code_begin+21 in an Interpreter codelet
result handlers for native calls  [0x000001a4b800a5c0, 0x000001a4b800a5e0]  32 bytes
stack at sp + 6 slots: {method} {0x000001a50641e4b8} 'isatty' '(I)I' in 'org/fusesource/jansi/internal/CLibrary'
stack at sp + 7 slots: 0x0000001000000000 is an unknown value

Lock stack of current Java thread (top to bottom):

native method entry point (kind = native)  [0x000001a4b800cde0, 0x000001a4b800d938]  2904 bytes
[MachCode]
  0x000001a4b800cde0: 488b 4b08 | 0fb7 492e | 584c 8d74 | ccf8 6800 | 0000 0068 | 0000 0000 | 5055 488b | ec41 5568 
  0x000001a4b800ce00: 0000 0000 | 4c8b 6b08 | 4d8d 6d38 | 5348 8b53 | 0848 8b52 | 0848 8b52 | 1848 8b52 | 7048 8b12 
  0x000001a4b800ce20: 5248 8b53 | 1048 85d2 | 0f84 0700 | 0000 4881 | c210 0100 | 0052 488b | 5308 488b | 5208 488b 
  0x000001a4b800ce40: 5210 5249 | 8bc6 482b | c548 c1e8 | 0350 6800 | 0000 0068 | f7ff ffff | 41c6 8771 | 0400 0001 
  0x000001a4b800ce60: 488b 4310 | 4885 c074 | 208b 88cc | 0000 0083 | c102 8988 | cc00 0000 | 2388 e000 | 0000 0f84 
  0x000001a4b800ce80: 000a 0000 | e9cf 0000 | 0048 8b43 | 1848 85c0 | 0f85 b000 | 0000 e805 | 0000 00e9 | 9900 0000 
  0x000001a4b800cea0: 488b d348 | 8d44 2408 | 4c89 6dc0 | 498b cfc5 | f877 4989 | afb0 0300 | 0049 8987 | a003 0000 
  0x000001a4b800cec0: 4883 ec20 | 40f6 c40f | 0f84 1900 | 0000 4883 | ec08 48b8 | 8028 2129 | fc7f 0000 | ffd0 4883 
  0x000001a4b800cee0: c408 e90c | 0000 0048 | b880 2821 | 29fc 7f00 | 00ff d048 | 83c4 2049 | c787 a003 | 0000 0000 
  0x000001a4b800cf00: 0000 49c7 | 87b0 0300 | 0000 0000 | 0049 c787 | a803 0000 | 0000 0000 | c5f8 7749 | 837f 0800 
  0x000001a4b800cf20: 0f84 0500 | 0000 e995 | 3fff ff4c | 8b6d c04c | 8b75 c84e | 8d74 f500 | c348 8b43 | 1848 85c0 
  0x000001a4b800cf40: 0f84 1200 | 0000 8b48 | 0883 c102 | 8948 0823 | 481c 0f84 | 2c09 0000 | 493b a7e8 | 0400 000f 
  0x000001a4b800cf60: 8748 0000 | 0089 8424 | 00f0 ffff | 8984 2400 | e0ff ff89 | 8424 00d0 | ffff 8984 | 2400 c0ff 
  0x000001a4b800cf80: ff89 8424 | 00b0 ffff | 8984 2400 | a0ff ff89 | 8424 0090 | ffff 8984 | 2400 80ff | ff49 3ba7 
  0x000001a4b800cfa0: e004 0000 | 7607 4989 | a7e8 0400 | 0041 c687 | 7104 0000 | 0049 ba41 | bda8 29fc | 7f00 0041 
  0x000001a4b800cfc0: 803a 000f | 843e 0000 | 0048 8b55 | e849 8bcf | 4883 ec20 | 40f6 c40f | 0f84 1900 | 0000 4883 
  0x000001a4b800cfe0: ec08 48b8 | f0f0 5829 | fc7f 0000 | ffd0 4883 | c408 e90c | 0000 0048 | b8f0 f058 | 29fc 7f00 
  0x000001a4b800d000: 00ff d048 | 83c4 2048 | 8b5d e84c | 8b5b 0845 | 0fb7 5b2e | 41c1 e303 | 492b e348 | 83ec 2048 
  0x000001a4b800d020: 83e4 f04c | 8b5b 604d | 85db 0f85 | ab00 0000 | e805 0000 | 00e9 9900 | 0000 488b | d348 8d44 
  0x000001a4b800d040: 2408 4c89 | 6dc0 498b | cfc5 f877 | 4989 afb0 | 0300 0049 | 8987 a003 | 0000 4883 | ec20 40f6 
  0x000001a4b800d060: c40f 0f84 | 1900 0000 | 4883 ec08 | 48b8 e04f | 2129 fc7f | 0000 ffd0 | 4883 c408 | e90c 0000 
  0x000001a4b800d080: 0048 b8e0 | 4f21 29fc | 7f00 00ff | d048 83c4 | 2049 c787 | a003 0000 | 0000 0000 | 49c7 87b0 
  0x000001a4b800d0a0: 0300 0000 | 0000 0049 | c787 a803 | 0000 0000 | 0000 c5f8 | 7749 837f | 0800 0f84 | 0500 0000 
  0x000001a4b800d0c0: e9fb 3dff | ff4c 8b6d | c04c 8b75 | c84e 8d74 | f500 c348 | 8b5d e84c | 8b5b 6041 | ffd3 488b 
  0x000001a4b800d0e0: 5de8 4889 | 4518 448b | 5b28 41f6 | c308 0f84 | 1b00 0000 | 4c8b 5b08 | 4d8b 5b08 | 4d8b 5b18 
  0x000001a4b800d100: 4d8b 5b70 | 4d8b 1b4c | 895d 1048 | 8d55 1048 | 8b43 5849 | ba40 3f59 | 29fc 7f00 | 0049 3bc2 
  0x000001a4b800d120: 0f85 ab00 | 0000 e805 | 0000 00e9 | 9900 0000 | 488b d348 | 8d44 2408 | 4c89 6dc0 | 498b cfc5 
  0x000001a4b800d140: f877 4989 | afb0 0300 | 0049 8987 | a003 0000 | 4883 ec20 | 40f6 c40f | 0f84 1900 | 0000 4883 
  0x000001a4b800d160: ec08 48b8 | e04f 2129 | fc7f 0000 | ffd0 4883 | c408 e90c | 0000 0048 | b8e0 4f21 | 29fc 7f00 
  0x000001a4b800d180: 00ff d048 | 83c4 2049 | c787 a003 | 0000 0000 | 0000 49c7 | 87b0 0300 | 0000 0000 | 0049 c787 
  0x000001a4b800d1a0: a803 0000 | 0000 0000 | c5f8 7749 | 837f 0800 | 0f84 0500 | 0000 e905 | 3dff ff4c | 8b6d c04c 
  0x000001a4b800d1c0: 8b75 c84e | 8d74 f500 | c348 8b5d | e848 8b43 | 5849 8d8f | c003 0000 | c5f8 7749 | 89af b003 
  0x000001a4b800d1e0: 0000 49ba | d8d1 00b8 | a401 0000 | 4d89 97a8 | 0300 0049 | 89a7 a003 | 0000 41c7 | 8744 0400 
  0x000001a4b800d200: 0004 0000 | 00ff d0c5 | f877 4883 | ec10 c5fb | 1104 2448 | 83ec 1048 | 8904 2448 | c744 2408 
  0x000001a4b800d220: 0000 0000 | 41c7 8744 | 0400 0005 | 0000 00f0 | 8344 24c0 | 0049 3baf | 4804 0000 | 0f87 0e00 
  0x000001a4b800d240: 0000 4183 | bf40 0400 | 0000 0f84 | 2000 0000 | 498b cf4c | 8be4 4883 | ec20 4883 | e4f0 48b8 
  0x000001a4b800d260: 80ab 2229 | fc7f 0000 | ffd0 498b | e44d 33e4 | 41c7 8744 | 0400 0008 | 0000 0049 | c787 a003 
  0x000001a4b800d280: 0000 0000 | 0000 49c7 | 87b0 0300 | 0000 0000 | 0049 c787 | a803 0000 | 0000 0000 | c5f8 774d 
  0x000001a4b800d2a0: 8b9f 3004 | 0000 41c7 | 8300 0100 | 0000 0000 | 0049 bbda | a500 b8a4 | 0100 004c | 3b5d 180f 
  0x000001a4b800d2c0: 8524 0200 | 0048 8b04 | 2448 83c4 | 1048 85c0 | 0f84 fe01 | 0000 a803 | 0f85 0800 | 0000 488b 
  0x000001a4b800d2e0: 00e9 ee01 | 0000 a801 | 0f85 0900 | 0000 488b | 40fe e9dd | 0100 0048 | 8b40 ff41 | 807f 3800 
  0x000001a4b800d300: 0f84 ce01 | 0000 4883 | f800 0f84 | c401 0000 | 4d8b 5f28 | 4983 fb00 | 0f84 1400 | 0000 4983 
  0x000001a4b800d320: eb08 4d89 | 5f28 4d03 | 5f30 4989 | 03e9 a201 | 0000 4881 | ecd0 0000 | 0048 8904 | 2448 894c 
  0x000001a4b800d340: 2408 4889 | 5424 1048 | 8974 2418 | 4889 7c24 | 204c 8944 | 2428 4c89 | 4c24 304c | 8954 2438 
  0x000001a4b800d360: 4c89 5c24 | 40c5 fb11 | 4424 50c5 | fb11 4c24 | 58c5 fb11 | 5424 60c5 | fb11 5c24 | 68c5 fb11 
  0x000001a4b800d380: 6424 70c5 | fb11 6c24 | 78c5 fb11 | b424 8000 | 0000 c5fb | 11bc 2488 | 0000 00c5 | 7b11 8424 
  0x000001a4b800d3a0: 9000 0000 | c57b 118c | 2498 0000 | 00c5 7b11 | 9424 a000 | 0000 c57b | 119c 24a8 | 0000 00c5 
  0x000001a4b800d3c0: 7b11 a424 | b000 0000 | c57b 11ac | 24b8 0000 | 00c5 7b11 | b424 c000 | 0000 c57b | 11bc 24c8 
  0x000001a4b800d3e0: 0000 0049 | 8bd7 488b | c848 83ec | 2040 f6c4 | 0f0f 8419 | 0000 0048 | 83ec 0848 | b800 0916 
  0x000001a4b800d400: 29fc 7f00 | 00ff d048 | 83c4 08e9 | 0c00 0000 | 48b8 0009 | 1629 fc7f | 0000 ffd0 | 4883 c420 
  0x000001a4b800d420: c57b 10bc | 24c8 0000 | 00c5 7b10 | b424 c000 | 0000 c57b | 10ac 24b8 | 0000 00c5 | 7b10 a424 
  0x000001a4b800d440: b000 0000 | c57b 109c | 24a8 0000 | 00c5 7b10 | 9424 a000 | 0000 c57b | 108c 2498 | 0000 00c5 
  0x000001a4b800d460: 7b10 8424 | 9000 0000 | c5fb 10bc | 2488 0000 | 00c5 fb10 | b424 8000 | 0000 c5fb | 106c 2478 
  0x000001a4b800d480: c5fb 1064 | 2470 c5fb | 105c 2468 | c5fb 1054 | 2460 c5fb | 104c 2458 | c5fb 1044 | 2450 4c8b 
  0x000001a4b800d4a0: 5c24 404c | 8b54 2438 | 4c8b 4c24 | 304c 8b44 | 2428 488b | 7c24 2048 | 8b74 2418 | 488b 5424 
  0x000001a4b800d4c0: 1048 8b4c | 2408 488b | 0424 4881 | c4d0 0000 | 00c5 f877 | 4889 4510 | 4883 ec10 | 4889 0424 
  0x000001a4b800d4e0: 48c7 4424 | 0800 0000 | 0041 83bf | c804 0000 | 020f 85bf | 0000 0048 | 81ec 8000 | 0000 4889 
  0x000001a4b800d500: 4424 7848 | 894c 2470 | 4889 5424 | 6848 895c | 2460 4889 | 6c24 5048 | 8974 2448 | 4889 7c24 
  0x000001a4b800d520: 404c 8944 | 2438 4c89 | 4c24 304c | 8954 2428 | 4c89 5c24 | 204c 8964 | 2418 4c89 | 6c24 104c 
  0x000001a4b800d540: 8974 2408 | 4c89 3c24 | 4c8b e448 | 83ec 2048 | 83e4 f048 | b8a0 2559 | 29fc 7f00 | 00ff d049 
  0x000001a4b800d560: 8be4 4c8b | 3c24 4c8b | 7424 084c | 8b6c 2410 | 4c8b 6424 | 184c 8b5c | 2420 4c8b | 5424 284c 
  0x000001a4b800d580: 8b4c 2430 | 4c8b 4424 | 3848 8b7c | 2440 488b | 7424 4848 | 8b6c 2450 | 488b 5c24 | 6048 8b54 
  0x000001a4b800d5a0: 2468 488b | 4c24 7048 | 8b44 2478 | 4881 c480 | 0000 004d | 33e4 488b | 5de8 4c8b | 6b08 4d8d 
  0x000001a4b800d5c0: 6d38 4983 | 7f08 000f | 84bb 0000 | 00e8 0500 | 0000 e996 | 0000 0048 | 8d44 2408 | 4c89 6dc0 
  0x000001a4b800d5e0: 498b cfc5 | f877 4989 | afb0 0300 | 0049 8987 | a003 0000 | 4883 ec20 | 40f6 c40f | 0f84 1900 
  0x000001a4b800d600: 0000 4883 | ec08 48b8 | f06d 2129 | fc7f 0000 | ffd0 4883 | c408 e90c | 0000 0048 | b8f0 6d21 
  0x000001a4b800d620: 29fc 7f00 | 00ff d048 | 83c4 2049 | c787 a003 | 0000 0000 | 0000 49c7 | 87b0 0300 | 0000 0000 
  0x000001a4b800d640: 0049 c787 | a803 0000 | 0000 0000 | c5f8 7749 | 837f 0800 | 0f84 0500 | 0000 e961 | 38ff ff4c 
  0x000001a4b800d660: 8b6d c04c | 8b75 c84e | 8d74 f500 | c348 b940 | e580 29fc | 7f00 0048 | 83e4 f048 | b850 4d47 
  0x000001a4b800d680: 29fc 7f00 | 00ff d0f4 | 448b 5b28 | 41f6 c320 | 0f84 7901 | 0000 488d | 55a8 4c8b | 5a08 4d85 
  0x000001a4b800d6a0: db0f 85bb | 0000 00e8 | 0500 0000 | e996 0000 | 0048 8d44 | 2408 4c89 | 6dc0 498b | cfc5 f877 
  0x000001a4b800d6c0: 4989 afb0 | 0300 0049 | 8987 a003 | 0000 4883 | ec20 40f6 | c40f 0f84 | 1900 0000 | 4883 ec08 
  0x000001a4b800d6e0: 48b8 206d | 2129 fc7f | 0000 ffd0 | 4883 c408 | e90c 0000 | 0048 b820 | 6d21 29fc | 7f00 00ff 
  0x000001a4b800d700: d048 83c4 | 2049 c787 | a003 0000 | 0000 0000 | 49c7 87b0 | 0300 0000 | 0000 0049 | c787 a803 
  0x000001a4b800d720: 0000 0000 | 0000 c5f8 | 7749 837f | 0800 0f84 | 0500 0000 | e987 37ff | ff4c 8b6d | c04c 8b75 
  0x000001a4b800d740: c84e 8d74 | f500 c348 | b940 e580 | 29fc 7f00 | 0048 83e4 | f048 b850 | 4d47 29fc | 7f00 00ff 
  0x000001a4b800d760: d0f4 4c89 | 6dc0 4c8b | 4a08 48c7 | 4208 0000 | 0000 458b | 8718 0600 | 004f 3b4c | 07f8 0f85 
  0x000001a4b800d780: 4900 0000 | 4183 af18 | 0600 0008 | 4f3b 4c07 | f00f 842a | 0000 0049 | 8b01 a802 | 0f85 1200 
  0x000001a4b800d7a0: 0000 4c8b | c049 83c8 | 01f0 4d0f | b101 0f84 | 0d00 0000 | 4183 8718 | 0600 0008 | e90c 0000 
  0x000001a4b800d7c0: 0049 ff8f | 5005 0000 | e93e 0000 | 004c 894a | 0848 8bca | 4883 ec20 | 40f6 c40f | 0f84 1900 
  0x000001a4b800d7e0: 0000 4883 | ec08 48b8 | e03f 2129 | fc7f 0000 | ffd0 4883 | c408 e90c | 0000 0048 | b8e0 3f21 
  0x000001a4b800d800: 29fc 7f00 | 00ff d048 | 83c4 204c | 8b6d c049 | ba41 bda8 | 29fc 7f00 | 0041 803a | 000f 843e 
  0x000001a4b800d820: 0000 0048 | 8b55 e849 | 8bcf 4883 | ec20 40f6 | c40f 0f84 | 1900 0000 | 4883 ec08 | 48b8 f0f0 
  0x000001a4b800d840: 5829 fc7f | 0000 ffd0 | 4883 c408 | e90c 0000 | 0048 b8f0 | f058 29fc | 7f00 00ff | d048 83c4 
  0x000001a4b800d860: 2048 8b04 | 2448 83c4 | 10c5 fb10 | 0424 4883 | c410 4c8b | 5d18 41ff | d34c 8b5d | f8c9 5f49 
  0x000001a4b800d880: 8be3 ffe7 | ba00 0000 | 00e8 0500 | 0000 e996 | 0000 0048 | 8d44 2408 | 4c89 6dc0 | 498b cfc5 
  0x000001a4b800d8a0: f877 4989 | afb0 0300 | 0049 8987 | a003 0000 | 4883 ec20 | 40f6 c40f | 0f84 1900 | 0000 4883 
  0x000001a4b800d8c0: ec08 48b8 | 9033 2129 | fc7f 0000 | ffd0 4883 | c408 e90c | 0000 0048 | b890 3321 | 29fc 7f00 
  0x000001a4b800d8e0: 00ff d048 | 83c4 2049 | c787 a003 | 0000 0000 | 0000 49c7 | 87b0 0300 | 0000 0000 | 0049 c787 
  0x000001a4b800d900: a803 0000 | 0000 0000 | c5f8 7749 | 837f 0800 | 0f84 0500 | 0000 e9a5 | 35ff ff4c | 8b6d c04c 
  0x000001a4b800d920: 8b75 c84e | 8d74 f500 | c348 8b5d | e8e9 26f6 | ffff 660f | 1f44 0000 
[/MachCode]

---------------  P R O C E S S  ---------------

Threads class SMR info:
_java_thread_list=0x000001a4c46f1d00, length=11, elements={
0x000001a4a5fdc780, 0x000001a4c45c0b80, 0x000001a4c45c1c50, 0x000001a4c45c5d60,
0x000001a4c45c67c0, 0x000001a4c45cf3e0, 0x000001a4c45d4500, 0x000001a4c45d6450,
0x000001a4c45d6f00, 0x000001a4c4719970, 0x000001a4c471ba40
}

Java Threads: ( => current thread )
=>0x000001a4a5fdc780 JavaThread "main"                              [_thread_in_native, id=16184, stack(0x0000000a6d400000,0x0000000a6d500000) (1024K)]
  0x000001a4c45c0b80 JavaThread "Reference Handler"          daemon [_thread_blocked, id=17872, stack(0x0000000a6dc00000,0x0000000a6dd00000) (1024K)]
  0x000001a4c45c1c50 JavaThread "Finalizer"                  daemon [_thread_blocked, id=19212, stack(0x0000000a6dd00000,0x0000000a6de00000) (1024K)]
  0x000001a4c45c5d60 JavaThread "Signal Dispatcher"          daemon [_thread_blocked, id=12824, stack(0x0000000a6de00000,0x0000000a6df00000) (1024K)]
  0x000001a4c45c67c0 JavaThread "Attach Listener"            daemon [_thread_blocked, id=7012, stack(0x0000000a6df00000,0x0000000a6e000000) (1024K)]
  0x000001a4c45cf3e0 JavaThread "Service Thread"             daemon [_thread_blocked, id=14276, stack(0x0000000a6e000000,0x0000000a6e100000) (1024K)]
  0x000001a4c45d4500 JavaThread "Monitor Deflation Thread"   daemon [_thread_blocked, id=9852, stack(0x0000000a6e100000,0x0000000a6e200000) (1024K)]
  0x000001a4c45d6450 JavaThread "C2 CompilerThread0"         daemon [_thread_blocked, id=17772, stack(0x0000000a6e200000,0x0000000a6e300000) (1024K)]
  0x000001a4c45d6f00 JavaThread "C1 CompilerThread0"         daemon [_thread_blocked, id=10508, stack(0x0000000a6e300000,0x0000000a6e400000) (1024K)]
  0x000001a4c4719970 JavaThread "Notification Thread"        daemon [_thread_blocked, id=16316, stack(0x0000000a6e400000,0x0000000a6e500000) (1024K)]
  0x000001a4c471ba40 JavaThread "Common-Cleaner"             daemon [_thread_blocked, id=16136, stack(0x0000000a6e500000,0x0000000a6e600000) (1024K)]
Total: 11

Other Threads:
  0x000001a4c45a9130 VMThread "VM Thread"                           [id=8752, stack(0x0000000a6db00000,0x0000000a6dc00000) (1024K)]
  0x000001a4c4596990 WatcherThread "VM Periodic Task Thread"        [id=1516, stack(0x0000000a6da00000,0x0000000a6db00000) (1024K)]
  0x000001a4a83d7fd0 WorkerThread "GC Thread#0"                     [id=9004, stack(0x0000000a6d500000,0x0000000a6d600000) (1024K)]
  0x000001a4a8405600 ConcurrentGCThread "G1 Main Marker"            [id=5368, stack(0x0000000a6d600000,0x0000000a6d700000) (1024K)]
  0x000001a4a8406830 WorkerThread "G1 Conc#0"                       [id=9680, stack(0x0000000a6d700000,0x0000000a6d800000) (1024K)]
  0x000001a4a844e2c0 ConcurrentGCThread "G1 Refine#0"               [id=11676, stack(0x0000000a6d800000,0x0000000a6d900000) (1024K)]
  0x000001a4c446a520 ConcurrentGCThread "G1 Service"                [id=12700, stack(0x0000000a6d900000,0x0000000a6da00000) (1024K)]
Total: 7

Threads with active compile tasks:
Total: 0

VM state: not at safepoint (normal execution)

VM Mutex/Monitor currently owned by a thread: None

Heap address: 0x00000000a1400000, size: 1516 MB, Compressed Oops mode: 32-bit

CDS archive(s) mapped at: [0x000001a4c5000000-0x000001a4c5d70000-0x000001a4c5d70000), size 14090240, SharedBaseAddress: 0x000001a4c5000000, ArchiveRelocationMode: 1.
Compressed class space mapped at: 0x000001a4c6000000-0x000001a506000000, reserved size: 1073741824
Narrow klass base: 0x000001a4c5000000, Narrow klass shift: 0, Narrow klass range: 0x41000000

GC Precious Log:
 CardTable entry size: 512
 Card Set container configuration: InlinePtr #cards 5 size 8 Array Of Cards #cards 10 size 36 Howl #buckets 4 coarsen threshold 1843 Howl Bitmap #cards 512 size 80 coarsen threshold 460 Card regions per heap region 1 cards per card region 2048
 CPUs: 8 total, 8 available
 Memory: 6060M
 Large Page Support: Disabled
 NUMA Support: Disabled
 Compressed Oops: Enabled (32-bit)
 Heap Region Size: 1M
 Heap Min Capacity: 8M
 Heap Initial Capacity: 96M
 Heap Max Capacity: 1516M
 Pre-touch: Disabled
 Parallel Workers: 8
 Concurrent Workers: 2
 Concurrent Refinement Workers: 8
 Periodic GC: Disabled

Heap:
 garbage-first heap   total reserved 1552384K, committed 98304K, used 2048K [0x00000000a1400000, 0x0000000100000000)
  region size 1024K, 3 young (3072K), 0 survivors (0K)
 Metaspace       used 580K, committed 704K, reserved 1114112K
  class space    used 48K, committed 128K, reserved 1048576K

Heap Regions: E=young(eden), S=young(survivor), O=old, HS=humongous(starts), HC=humongous(continues), CS=collection set, F=free, TAMS=top-at-mark-start, PB=parsable bottom
|   0|0x00000000a1400000, 0x00000000a1400000, 0x00000000a1500000|  0%| F|  |TAMS 0x00000000a1400000| PB 0x00000000a1400000| Untracked |  0
|   1|0x00000000a1500000, 0x00000000a1500000, 0x00000000a1600000|  0%| F|  |TAMS 0x00000000a1500000| PB 0x00000000a1500000| Untracked |  0
|   2|0x00000000a1600000, 0x00000000a1600000, 0x00000000a1700000|  0%| F|  |TAMS 0x00000000a1600000| PB 0x00000000a1600000| Untracked |  0
|   3|0x00000000a1700000, 0x00000000a1700000, 0x00000000a1800000|  0%| F|  |TAMS 0x00000000a1700000| PB 0x00000000a1700000| Untracked |  0
|   4|0x00000000a1800000, 0x00000000a1800000, 0x00000000a1900000|  0%| F|  |TAMS 0x00000000a1800000| PB 0x00000000a1800000| Untracked |  0
|   5|0x00000000a1900000, 0x00000000a1900000, 0x00000000a1a00000|  0%| F|  |TAMS 0x00000000a1900000| PB 0x00000000a1900000| Untracked |  0
|   6|0x00000000a1a00000, 0x00000000a1a00000, 0x00000000a1b00000|  0%| F|  |TAMS 0x00000000a1a00000| PB 0x00000000a1a00000| Untracked |  0
|   7|0x00000000a1b00000, 0x00000000a1b00000, 0x00000000a1c00000|  0%| F|  |TAMS 0x00000000a1b00000| PB 0x00000000a1b00000| Untracked |  0
|   8|0x00000000a1c00000, 0x00000000a1c00000, 0x00000000a1d00000|  0%| F|  |TAMS 0x00000000a1c00000| PB 0x00000000a1c00000| Untracked |  0
|   9|0x00000000a1d00000, 0x00000000a1d00000, 0x00000000a1e00000|  0%| F|  |TAMS 0x00000000a1d00000| PB 0x00000000a1d00000| Untracked |  0
|  10|0x00000000a1e00000, 0x00000000a1e00000, 0x00000000a1f00000|  0%| F|  |TAMS 0x00000000a1e00000| PB 0x00000000a1e00000| Untracked |  0
|  11|0x00000000a1f00000, 0x00000000a1f00000, 0x00000000a2000000|  0%| F|  |TAMS 0x00000000a1f00000| PB 0x00000000a1f00000| Untracked |  0
|  12|0x00000000a2000000, 0x00000000a2000000, 0x00000000a2100000|  0%| F|  |TAMS 0x00000000a2000000| PB 0x00000000a2000000| Untracked |  0
|  13|0x00000000a2100000, 0x00000000a2100000, 0x00000000a2200000|  0%| F|  |TAMS 0x00000000a2100000| PB 0x00000000a2100000| Untracked |  0
|  14|0x00000000a2200000, 0x00000000a2200000, 0x00000000a2300000|  0%| F|  |TAMS 0x00000000a2200000| PB 0x00000000a2200000| Untracked |  0
|  15|0x00000000a2300000, 0x00000000a2300000, 0x00000000a2400000|  0%| F|  |TAMS 0x00000000a2300000| PB 0x00000000a2300000| Untracked |  0
|  16|0x00000000a2400000, 0x00000000a2400000, 0x00000000a2500000|  0%| F|  |TAMS 0x00000000a2400000| PB 0x00000000a2400000| Untracked |  0
|  17|0x00000000a2500000, 0x00000000a2500000, 0x00000000a2600000|  0%| F|  |TAMS 0x00000000a2500000| PB 0x00000000a2500000| Untracked |  0
|  18|0x00000000a2600000, 0x00000000a2600000, 0x00000000a2700000|  0%| F|  |TAMS 0x00000000a2600000| PB 0x00000000a2600000| Untracked |  0
|  19|0x00000000a2700000, 0x00000000a2700000, 0x00000000a2800000|  0%| F|  |TAMS 0x00000000a2700000| PB 0x00000000a2700000| Untracked |  0
|  20|0x00000000a2800000, 0x00000000a2800000, 0x00000000a2900000|  0%| F|  |TAMS 0x00000000a2800000| PB 0x00000000a2800000| Untracked |  0
|  21|0x00000000a2900000, 0x00000000a2900000, 0x00000000a2a00000|  0%| F|  |TAMS 0x00000000a2900000| PB 0x00000000a2900000| Untracked |  0
|  22|0x00000000a2a00000, 0x00000000a2a00000, 0x00000000a2b00000|  0%| F|  |TAMS 0x00000000a2a00000| PB 0x00000000a2a00000| Untracked |  0
|  23|0x00000000a2b00000, 0x00000000a2b00000, 0x00000000a2c00000|  0%| F|  |TAMS 0x00000000a2b00000| PB 0x00000000a2b00000| Untracked |  0
|  24|0x00000000a2c00000, 0x00000000a2c00000, 0x00000000a2d00000|  0%| F|  |TAMS 0x00000000a2c00000| PB 0x00000000a2c00000| Untracked |  0
|  25|0x00000000a2d00000, 0x00000000a2d00000, 0x00000000a2e00000|  0%| F|  |TAMS 0x00000000a2d00000| PB 0x00000000a2d00000| Untracked |  0
|  26|0x00000000a2e00000, 0x00000000a2e00000, 0x00000000a2f00000|  0%| F|  |TAMS 0x00000000a2e00000| PB 0x00000000a2e00000| Untracked |  0
|  27|0x00000000a2f00000, 0x00000000a2f00000, 0x00000000a3000000|  0%| F|  |TAMS 0x00000000a2f00000| PB 0x00000000a2f00000| Untracked |  0
|  28|0x00000000a3000000, 0x00000000a3000000, 0x00000000a3100000|  0%| F|  |TAMS 0x00000000a3000000| PB 0x00000000a3000000| Untracked |  0
|  29|0x00000000a3100000, 0x00000000a3100000, 0x00000000a3200000|  0%| F|  |TAMS 0x00000000a3100000| PB 0x00000000a3100000| Untracked |  0
|  30|0x00000000a3200000, 0x00000000a3200000, 0x00000000a3300000|  0%| F|  |TAMS 0x00000000a3200000| PB 0x00000000a3200000| Untracked |  0
|  31|0x00000000a3300000, 0x00000000a3300000, 0x00000000a3400000|  0%| F|  |TAMS 0x00000000a3300000| PB 0x00000000a3300000| Untracked |  0
|  32|0x00000000a3400000, 0x00000000a3400000, 0x00000000a3500000|  0%| F|  |TAMS 0x00000000a3400000| PB 0x00000000a3400000| Untracked |  0
|  33|0x00000000a3500000, 0x00000000a3500000, 0x00000000a3600000|  0%| F|  |TAMS 0x00000000a3500000| PB 0x00000000a3500000| Untracked |  0
|  34|0x00000000a3600000, 0x00000000a3600000, 0x00000000a3700000|  0%| F|  |TAMS 0x00000000a3600000| PB 0x00000000a3600000| Untracked |  0
|  35|0x00000000a3700000, 0x00000000a3700000, 0x00000000a3800000|  0%| F|  |TAMS 0x00000000a3700000| PB 0x00000000a3700000| Untracked |  0
|  36|0x00000000a3800000, 0x00000000a3800000, 0x00000000a3900000|  0%| F|  |TAMS 0x00000000a3800000| PB 0x00000000a3800000| Untracked |  0
|  37|0x00000000a3900000, 0x00000000a3900000, 0x00000000a3a00000|  0%| F|  |TAMS 0x00000000a3900000| PB 0x00000000a3900000| Untracked |  0
|  38|0x00000000a3a00000, 0x00000000a3a00000, 0x00000000a3b00000|  0%| F|  |TAMS 0x00000000a3a00000| PB 0x00000000a3a00000| Untracked |  0
|  39|0x00000000a3b00000, 0x00000000a3b00000, 0x00000000a3c00000|  0%| F|  |TAMS 0x00000000a3b00000| PB 0x00000000a3b00000| Untracked |  0
|  40|0x00000000a3c00000, 0x00000000a3c00000, 0x00000000a3d00000|  0%| F|  |TAMS 0x00000000a3c00000| PB 0x00000000a3c00000| Untracked |  0
|  41|0x00000000a3d00000, 0x00000000a3d00000, 0x00000000a3e00000|  0%| F|  |TAMS 0x00000000a3d00000| PB 0x00000000a3d00000| Untracked |  0
|  42|0x00000000a3e00000, 0x00000000a3e00000, 0x00000000a3f00000|  0%| F|  |TAMS 0x00000000a3e00000| PB 0x00000000a3e00000| Untracked |  0
|  43|0x00000000a3f00000, 0x00000000a3f00000, 0x00000000a4000000|  0%| F|  |TAMS 0x00000000a3f00000| PB 0x00000000a3f00000| Untracked |  0
|  44|0x00000000a4000000, 0x00000000a4000000, 0x00000000a4100000|  0%| F|  |TAMS 0x00000000a4000000| PB 0x00000000a4000000| Untracked |  0
|  45|0x00000000a4100000, 0x00000000a4100000, 0x00000000a4200000|  0%| F|  |TAMS 0x00000000a4100000| PB 0x00000000a4100000| Untracked |  0
|  46|0x00000000a4200000, 0x00000000a4200000, 0x00000000a4300000|  0%| F|  |TAMS 0x00000000a4200000| PB 0x00000000a4200000| Untracked |  0
|  47|0x00000000a4300000, 0x00000000a4300000, 0x00000000a4400000|  0%| F|  |TAMS 0x00000000a4300000| PB 0x00000000a4300000| Untracked |  0
|  48|0x00000000a4400000, 0x00000000a4400000, 0x00000000a4500000|  0%| F|  |TAMS 0x00000000a4400000| PB 0x00000000a4400000| Untracked |  0
|  49|0x00000000a4500000, 0x00000000a4500000, 0x00000000a4600000|  0%| F|  |TAMS 0x00000000a4500000| PB 0x00000000a4500000| Untracked |  0
|  50|0x00000000a4600000, 0x00000000a4600000, 0x00000000a4700000|  0%| F|  |TAMS 0x00000000a4600000| PB 0x00000000a4600000| Untracked |  0
|  51|0x00000000a4700000, 0x00000000a4700000, 0x00000000a4800000|  0%| F|  |TAMS 0x00000000a4700000| PB 0x00000000a4700000| Untracked |  0
|  52|0x00000000a4800000, 0x00000000a4800000, 0x00000000a4900000|  0%| F|  |TAMS 0x00000000a4800000| PB 0x00000000a4800000| Untracked |  0
|  53|0x00000000a4900000, 0x00000000a4900000, 0x00000000a4a00000|  0%| F|  |TAMS 0x00000000a4900000| PB 0x00000000a4900000| Untracked |  0
|  54|0x00000000a4a00000, 0x00000000a4a00000, 0x00000000a4b00000|  0%| F|  |TAMS 0x00000000a4a00000| PB 0x00000000a4a00000| Untracked |  0
|  55|0x00000000a4b00000, 0x00000000a4b00000, 0x00000000a4c00000|  0%| F|  |TAMS 0x00000000a4b00000| PB 0x00000000a4b00000| Untracked |  0
|  56|0x00000000a4c00000, 0x00000000a4c00000, 0x00000000a4d00000|  0%| F|  |TAMS 0x00000000a4c00000| PB 0x00000000a4c00000| Untracked |  0
|  57|0x00000000a4d00000, 0x00000000a4d00000, 0x00000000a4e00000|  0%| F|  |TAMS 0x00000000a4d00000| PB 0x00000000a4d00000| Untracked |  0
|  58|0x00000000a4e00000, 0x00000000a4e00000, 0x00000000a4f00000|  0%| F|  |TAMS 0x00000000a4e00000| PB 0x00000000a4e00000| Untracked |  0
|  59|0x00000000a4f00000, 0x00000000a4f00000, 0x00000000a5000000|  0%| F|  |TAMS 0x00000000a4f00000| PB 0x00000000a4f00000| Untracked |  0
|  60|0x00000000a5000000, 0x00000000a5000000, 0x00000000a5100000|  0%| F|  |TAMS 0x00000000a5000000| PB 0x00000000a5000000| Untracked |  0
|  61|0x00000000a5100000, 0x00000000a5100000, 0x00000000a5200000|  0%| F|  |TAMS 0x00000000a5100000| PB 0x00000000a5100000| Untracked |  0
|  62|0x00000000a5200000, 0x00000000a5200000, 0x00000000a5300000|  0%| F|  |TAMS 0x00000000a5200000| PB 0x00000000a5200000| Untracked |  0
|  63|0x00000000a5300000, 0x00000000a5300000, 0x00000000a5400000|  0%| F|  |TAMS 0x00000000a5300000| PB 0x00000000a5300000| Untracked |  0
|  64|0x00000000a5400000, 0x00000000a5400000, 0x00000000a5500000|  0%| F|  |TAMS 0x00000000a5400000| PB 0x00000000a5400000| Untracked |  0
|  65|0x00000000a5500000, 0x00000000a5500000, 0x00000000a5600000|  0%| F|  |TAMS 0x00000000a5500000| PB 0x00000000a5500000| Untracked |  0
|  66|0x00000000a5600000, 0x00000000a5600000, 0x00000000a5700000|  0%| F|  |TAMS 0x00000000a5600000| PB 0x00000000a5600000| Untracked |  0
|  67|0x00000000a5700000, 0x00000000a5700000, 0x00000000a5800000|  0%| F|  |TAMS 0x00000000a5700000| PB 0x00000000a5700000| Untracked |  0
|  68|0x00000000a5800000, 0x00000000a5800000, 0x00000000a5900000|  0%| F|  |TAMS 0x00000000a5800000| PB 0x00000000a5800000| Untracked |  0
|  69|0x00000000a5900000, 0x00000000a5900000, 0x00000000a5a00000|  0%| F|  |TAMS 0x00000000a5900000| PB 0x00000000a5900000| Untracked |  0
|  70|0x00000000a5a00000, 0x00000000a5a00000, 0x00000000a5b00000|  0%| F|  |TAMS 0x00000000a5a00000| PB 0x00000000a5a00000| Untracked |  0
|  71|0x00000000a5b00000, 0x00000000a5b00000, 0x00000000a5c00000|  0%| F|  |TAMS 0x00000000a5b00000| PB 0x00000000a5b00000| Untracked |  0
|  72|0x00000000a5c00000, 0x00000000a5c00000, 0x00000000a5d00000|  0%| F|  |TAMS 0x00000000a5c00000| PB 0x00000000a5c00000| Untracked |  0
|  73|0x00000000a5d00000, 0x00000000a5d00000, 0x00000000a5e00000|  0%| F|  |TAMS 0x00000000a5d00000| PB 0x00000000a5d00000| Untracked |  0
|  74|0x00000000a5e00000, 0x00000000a5e00000, 0x00000000a5f00000|  0%| F|  |TAMS 0x00000000a5e00000| PB 0x00000000a5e00000| Untracked |  0
|  75|0x00000000a5f00000, 0x00000000a5f00000, 0x00000000a6000000|  0%| F|  |TAMS 0x00000000a5f00000| PB 0x00000000a5f00000| Untracked |  0
|  76|0x00000000a6000000, 0x00000000a6000000, 0x00000000a6100000|  0%| F|  |TAMS 0x00000000a6000000| PB 0x00000000a6000000| Untracked |  0
|  77|0x00000000a6100000, 0x00000000a6100000, 0x00000000a6200000|  0%| F|  |TAMS 0x00000000a6100000| PB 0x00000000a6100000| Untracked |  0
|  78|0x00000000a6200000, 0x00000000a6200000, 0x00000000a6300000|  0%| F|  |TAMS 0x00000000a6200000| PB 0x00000000a6200000| Untracked |  0
|  79|0x00000000a6300000, 0x00000000a6300000, 0x00000000a6400000|  0%| F|  |TAMS 0x00000000a6300000| PB 0x00000000a6300000| Untracked |  0
|  80|0x00000000a6400000, 0x00000000a6400000, 0x00000000a6500000|  0%| F|  |TAMS 0x00000000a6400000| PB 0x00000000a6400000| Untracked |  0
|  81|0x00000000a6500000, 0x00000000a6500000, 0x00000000a6600000|  0%| F|  |TAMS 0x00000000a6500000| PB 0x00000000a6500000| Untracked |  0
|  82|0x00000000a6600000, 0x00000000a6600000, 0x00000000a6700000|  0%| F|  |TAMS 0x00000000a6600000| PB 0x00000000a6600000| Untracked |  0
|  83|0x00000000a6700000, 0x00000000a6700000, 0x00000000a6800000|  0%| F|  |TAMS 0x00000000a6700000| PB 0x00000000a6700000| Untracked |  0
|  84|0x00000000a6800000, 0x00000000a6800000, 0x00000000a6900000|  0%| F|  |TAMS 0x00000000a6800000| PB 0x00000000a6800000| Untracked |  0
|  85|0x00000000a6900000, 0x00000000a6900000, 0x00000000a6a00000|  0%| F|  |TAMS 0x00000000a6900000| PB 0x00000000a6900000| Untracked |  0
|  86|0x00000000a6a00000, 0x00000000a6a00000, 0x00000000a6b00000|  0%| F|  |TAMS 0x00000000a6a00000| PB 0x00000000a6a00000| Untracked |  0
|  87|0x00000000a6b00000, 0x00000000a6b00000, 0x00000000a6c00000|  0%| F|  |TAMS 0x00000000a6b00000| PB 0x00000000a6b00000| Untracked |  0
|  88|0x00000000a6c00000, 0x00000000a6c00000, 0x00000000a6d00000|  0%| F|  |TAMS 0x00000000a6c00000| PB 0x00000000a6c00000| Untracked |  0
|  89|0x00000000a6d00000, 0x00000000a6d00000, 0x00000000a6e00000|  0%| F|  |TAMS 0x00000000a6d00000| PB 0x00000000a6d00000| Untracked |  0
|  90|0x00000000a6e00000, 0x00000000a6e00000, 0x00000000a6f00000|  0%| F|  |TAMS 0x00000000a6e00000| PB 0x00000000a6e00000| Untracked |  0
|  91|0x00000000a6f00000, 0x00000000a6f00000, 0x00000000a7000000|  0%| F|  |TAMS 0x00000000a6f00000| PB 0x00000000a6f00000| Untracked |  0
|  92|0x00000000a7000000, 0x00000000a7000000, 0x00000000a7100000|  0%| F|  |TAMS 0x00000000a7000000| PB 0x00000000a7000000| Untracked |  0
|  93|0x00000000a7100000, 0x00000000a71f5c78, 0x00000000a7200000| 96%| E|  |TAMS 0x00000000a7100000| PB 0x00000000a7100000| Complete |  0
|  94|0x00000000a7200000, 0x00000000a7300000, 0x00000000a7300000|100%| E|CS|TAMS 0x00000000a7200000| PB 0x00000000a7200000| Complete |  0
|  95|0x00000000a7300000, 0x00000000a7400000, 0x00000000a7400000|100%| E|CS|TAMS 0x00000000a7300000| PB 0x00000000a7300000| Complete |  0

Card table byte_map: [0x000001a4c0100000,0x000001a4c0400000] _byte_map_base: 0x000001a4bfbf6000

Marking Bits: (CMBitMap*) 0x000001a4a83d85f0
 Bits: [0x000001a4c0400000, 0x000001a4c1bb0000)

Polling page: 0x000001a4a6180000

Metaspace:

Usage:
  Non-class:    531.98 KB used.
      Class:     48.98 KB used.
       Both:    580.97 KB used.

Virtual space:
  Non-class space:       64.00 MB reserved,     576.00 KB ( <1%) committed,  1 nodes.
      Class space:        1.00 GB reserved,     128.00 KB ( <1%) committed,  1 nodes.
             Both:        1.06 GB reserved,     704.00 KB ( <1%) committed. 

Chunk freelists:
   Non-Class:  11.88 MB
       Class:  15.73 MB
        Both:  27.61 MB

MaxMetaspaceSize: unlimited
CompressedClassSpaceSize: 1.00 GB
Initial GC threshold: 21.00 MB
Current GC threshold: 21.00 MB
CDS: on
 - commit_granule_bytes: 65536.
 - commit_granule_words: 8192.
 - virtual_space_node_default_size: 8388608.
 - enlarge_chunks_in_place: 1.
 - use_allocation_guard: 0.


Internal statistics:

num_allocs_failed_limit: 0.
num_arena_births: 4.
num_arena_deaths: 0.
num_vsnodes_births: 2.
num_vsnodes_deaths: 0.
num_space_committed: 11.
num_space_uncommitted: 0.
num_chunks_returned_to_freelist: 0.
num_chunks_taken_from_freelist: 13.
num_chunk_merges: 0.
num_chunk_splits: 8.
num_chunks_enlarged: 8.
num_inconsistent_stats: 0.

CodeHeap 'non-profiled nmethods': size=120064Kb used=55Kb max_used=55Kb free=120008Kb
 bounds [0x000001a4b8590000, 0x000001a4b8800000, 0x000001a4bfad0000]
CodeHeap 'profiled nmethods': size=120000Kb used=153Kb max_used=153Kb free=119846Kb
 bounds [0x000001a4b0ad0000, 0x000001a4b0d40000, 0x000001a4b8000000]
CodeHeap 'non-nmethods': size=5696Kb used=1281Kb max_used=1292Kb free=4414Kb
 bounds [0x000001a4b8000000, 0x000001a4b8270000, 0x000001a4b8590000]
CodeCache: size=245760Kb, used=1489Kb, max_used=1500Kb, free=244268Kb
 total_blobs=587, nmethods=184, adapters=309, full_count=0
Compilation: enabled, stopped_count=0, restarted_count=0

Compilation events (20 events):
Event: 0.183 Thread 0x000001a4c45d6f00  174       3       java.lang.Character::toUpperCase (6 bytes)
Event: 0.183 Thread 0x000001a4c45d6f00 nmethod 174 0x000001a4b0af4708 code [0x000001a4b0af4840, 0x000001a4b0af4a98]
Event: 0.183 Thread 0x000001a4c45d6f00  175       3       java.lang.Character::toUpperCase (9 bytes)
Event: 0.183 Thread 0x000001a4c45d6f00 nmethod 175 0x000001a4b0af4b08 code [0x000001a4b0af4c40, 0x000001a4b0af4e38]
Event: 0.183 Thread 0x000001a4c45d6f00  177       3       java.util.TreeMap::parentOf (13 bytes)
Event: 0.183 Thread 0x000001a4c45d6f00 nmethod 177 0x000001a4b0af4e88 code [0x000001a4b0af4fa0, 0x000001a4b0af5108]
Event: 0.183 Thread 0x000001a4c45d6f00  178       1       java.util.HashMap$Node::getKey (5 bytes)
Event: 0.183 Thread 0x000001a4c45d6f00 nmethod 178 0x000001a4b859d488 code [0x000001a4b859d5a0, 0x000001a4b859d668]
Event: 0.183 Thread 0x000001a4c45d6f00  179       1       java.util.HashMap$Node::getValue (5 bytes)
Event: 0.184 Thread 0x000001a4c45d6f00 nmethod 179 0x000001a4b859d788 code [0x000001a4b859d8a0, 0x000001a4b859d968]
Event: 0.187 Thread 0x000001a4c45d6f00  180       3       java.lang.String::indexOf (65 bytes)
Event: 0.188 Thread 0x000001a4c45d6f00 nmethod 180 0x000001a4b0af5188 code [0x000001a4b0af5320, 0x000001a4b0af5ab8]
Event: 0.189 Thread 0x000001a4c45d6f00  181       3       java.util.concurrent.locks.ReentrantLock::lock (8 bytes)
Event: 0.189 Thread 0x000001a4c45d6f00 nmethod 181 0x000001a4b0af5b08 code [0x000001a4b0af5c40, 0x000001a4b0af5ef0]
Event: 0.189 Thread 0x000001a4c45d6f00  182       3       java.util.concurrent.locks.ReentrantLock$Sync::lock (13 bytes)
Event: 0.189 Thread 0x000001a4c45d6f00 nmethod 182 0x000001a4b0af5f08 code [0x000001a4b0af6040, 0x000001a4b0af6280]
Event: 0.189 Thread 0x000001a4c45d6f00  183       3       java.util.concurrent.locks.ReentrantLock::unlock (10 bytes)
Event: 0.189 Thread 0x000001a4c45d6f00 nmethod 183 0x000001a4b0af6308 code [0x000001a4b0af6440, 0x000001a4b0af6718]
Event: 0.189 Thread 0x000001a4c45d6f00  184       1       java.nio.Buffer::position (5 bytes)
Event: 0.189 Thread 0x000001a4c45d6f00 nmethod 184 0x000001a4b859da88 code [0x000001a4b859dba0, 0x000001a4b859dc68]

GC Heap History (0 events):
No events

Dll operation events (7 events):
Event: 0.014 Loaded shared library C:\Program Files\Java\jdk-23\bin\java.dll
Event: 0.054 Loaded shared library C:\Program Files\Java\jdk-23\bin\jsvml.dll
Event: 0.089 Loaded shared library C:\Program Files\Java\jdk-23\bin\net.dll
Event: 0.092 Loaded shared library C:\Program Files\Java\jdk-23\bin\nio.dll
Event: 0.099 Loaded shared library C:\Program Files\Java\jdk-23\bin\zip.dll
Event: 0.117 Loaded shared library C:\Program Files\Java\jdk-23\bin\jimage.dll
Event: 0.173 Loaded shared library C:\Users\loren\AppData\Local\Temp\jansi-2.4.0-3d2ee1a2e06054b5-jansi.dll

Deoptimization events (0 events):
No events

Classes loaded (20 events):
Event: 0.176 Loading class java/nio/charset/UnsupportedCharsetException
Event: 0.177 Loading class java/nio/charset/UnsupportedCharsetException done
Event: 0.180 Loading class java/io/UnsupportedEncodingException
Event: 0.180 Loading class java/io/UnsupportedEncodingException done
Event: 0.180 Loading class java/lang/ProcessEnvironment
Event: 0.180 Loading class java/lang/ProcessEnvironment done
Event: 0.180 Loading class java/lang/ProcessEnvironment$NameComparator
Event: 0.180 Loading class java/lang/ProcessEnvironment$NameComparator done
Event: 0.180 Loading class java/lang/ProcessEnvironment$EntryComparator
Event: 0.181 Loading class java/lang/ProcessEnvironment$EntryComparator done
Event: 0.181 Loading class java/lang/ProcessEnvironment$CheckedEntrySet
Event: 0.182 Loading class java/lang/ProcessEnvironment$CheckedEntrySet done
Event: 0.182 Loading class java/lang/ProcessEnvironment$CheckedEntrySet$1
Event: 0.182 Loading class java/lang/ProcessEnvironment$CheckedEntrySet$1 done
Event: 0.182 Loading class java/lang/ProcessEnvironment$CheckedEntry
Event: 0.182 Loading class java/lang/ProcessEnvironment$CheckedEntry done
Event: 0.186 Loading class java/util/concurrent/Callable
Event: 0.186 Loading class java/util/concurrent/Callable done
Event: 0.186 Loading class java/lang/InheritableThreadLocal
Event: 0.186 Loading class java/lang/InheritableThreadLocal done

Classes unloaded (0 events):
No events

Classes redefined (0 events):
No events

Internal exceptions (20 events):
Event: 0.183 Thread 0x000001a4a5fdc780 Exception <a 'java/io/IOException'{0x00000000a71636f8}> (0x00000000a71636f8) 
thrown [s\open\src\hotspot\share\prims\jni.cpp, line 520]
Event: 0.183 Thread 0x000001a4a5fdc780 Exception <a 'java/io/IOException'{0x00000000a7163a10}> (0x00000000a7163a10) 
thrown [s\open\src\hotspot\share\prims\jni.cpp, line 520]
Event: 0.183 Thread 0x000001a4a5fdc780 Exception <a 'java/lang/NullPointerException'{0x00000000a7163d58}> (0x00000000a7163d58) 
thrown [s\open\src\hotspot\share\interpreter\linkResolver.cpp, line 1389]
Event: 0.184 Thread 0x000001a4a5fdc780 Exception <a 'java/io/IOException'{0x00000000a7164128}> (0x00000000a7164128) 
thrown [s\open\src\hotspot\share\prims\jni.cpp, line 520]
Event: 0.184 Thread 0x000001a4a5fdc780 Exception <a 'java/io/IOException'{0x00000000a7164440}> (0x00000000a7164440) 
thrown [s\open\src\hotspot\share\prims\jni.cpp, line 520]
Event: 0.188 Thread 0x000001a4a5fdc780 Exception <a 'java/lang/NullPointerException'{0x00000000a7179770}> (0x00000000a7179770) 
thrown [s\open\src\hotspot\share\interpreter\linkResolver.cpp, line 1389]
Event: 0.188 Thread 0x000001a4a5fdc780 Exception <a 'java/io/IOException'{0x00000000a7179b18}> (0x00000000a7179b18) 
thrown [s\open\src\hotspot\share\prims\jni.cpp, line 520]
Event: 0.188 Thread 0x000001a4a5fdc780 Exception <a 'java/io/IOException'{0x00000000a7179e30}> (0x00000000a7179e30) 
thrown [s\open\src\hotspot\share\prims\jni.cpp, line 520]
Event: 0.188 Thread 0x000001a4a5fdc780 Exception <a 'java/io/IOException'{0x00000000a717a180}> (0x00000000a717a180) 
thrown [s\open\src\hotspot\share\prims\jni.cpp, line 520]
Event: 0.188 Thread 0x000001a4a5fdc780 Exception <a 'java/io/IOException'{0x00000000a717a498}> (0x00000000a717a498) 
thrown [s\open\src\hotspot\share\prims\jni.cpp, line 520]
Event: 0.188 Thread 0x000001a4a5fdc780 Exception <a 'java/io/IOException'{0x00000000a717a890}> (0x00000000a717a890) 
thrown [s\open\src\hotspot\share\prims\jni.cpp, line 520]
Event: 0.188 Thread 0x000001a4a5fdc780 Exception <a 'java/io/IOException'{0x00000000a717aba8}> (0x00000000a717aba8) 
thrown [s\open\src\hotspot\share\prims\jni.cpp, line 520]
Event: 0.188 Thread 0x000001a4a5fdc780 Exception <a 'java/io/IOException'{0x00000000a717b208}> (0x00000000a717b208) 
thrown [s\open\src\hotspot\share\prims\jni.cpp, line 520]
Event: 0.188 Thread 0x000001a4a5fdc780 Exception <a 'java/io/IOException'{0x00000000a717b520}> (0x00000000a717b520) 
thrown [s\open\src\hotspot\share\prims\jni.cpp, line 520]
Event: 0.188 Thread 0x000001a4a5fdc780 Exception <a 'java/io/IOException'{0x00000000a717b918}> (0x00000000a717b918) 
thrown [s\open\src\hotspot\share\prims\jni.cpp, line 520]
Event: 0.188 Thread 0x000001a4a5fdc780 Exception <a 'java/io/IOException'{0x00000000a717bc30}> (0x00000000a717bc30) 
thrown [s\open\src\hotspot\share\prims\jni.cpp, line 520]
Event: 0.189 Thread 0x000001a4a5fdc780 Exception <a 'java/io/IOException'{0x00000000a717c068}> (0x00000000a717c068) 
thrown [s\open\src\hotspot\share\prims\jni.cpp, line 520]
Event: 0.189 Thread 0x000001a4a5fdc780 Exception <a 'java/io/IOException'{0x00000000a717c380}> (0x00000000a717c380) 
thrown [s\open\src\hotspot\share\prims\jni.cpp, line 520]
Event: 0.189 Thread 0x000001a4a5fdc780 Exception <a 'java/io/IOException'{0x00000000a717c6d0}> (0x00000000a717c6d0) 
thrown [s\open\src\hotspot\share\prims\jni.cpp, line 520]
Event: 0.189 Thread 0x000001a4a5fdc780 Exception <a 'java/io/IOException'{0x00000000a717c9e8}> (0x00000000a717c9e8) 
thrown [s\open\src\hotspot\share\prims\jni.cpp, line 520]

VM Operations (2 events):
Event: 0.101 Executing VM operation: HandshakeAllThreads (Deoptimize)
Event: 0.101 Executing VM operation: HandshakeAllThreads (Deoptimize) done

Memory protections (0 events):
No events

Nmethod flushes (0 events):
No events

Events (11 events):
Event: 0.035 Thread 0x000001a4a5fdc780 Thread added: 0x000001a4a5fdc780
Event: 0.051 Thread 0x000001a4a5fdc780 Thread added: 0x000001a4c45c0b80
Event: 0.051 Thread 0x000001a4a5fdc780 Thread added: 0x000001a4c45c1c50
Event: 0.051 Thread 0x000001a4a5fdc780 Thread added: 0x000001a4c45c5d60
Event: 0.051 Thread 0x000001a4a5fdc780 Thread added: 0x000001a4c45c67c0
Event: 0.051 Thread 0x000001a4a5fdc780 Thread added: 0x000001a4c45cf3e0
Event: 0.052 Thread 0x000001a4a5fdc780 Thread added: 0x000001a4c45d4500
Event: 0.052 Thread 0x000001a4a5fdc780 Thread added: 0x000001a4c45d6450
Event: 0.052 Thread 0x000001a4a5fdc780 Thread added: 0x000001a4c45d6f00
Event: 0.080 Thread 0x000001a4a5fdc780 Thread added: 0x000001a4c4719970
Event: 0.083 Thread 0x000001a4a5fdc780 Thread added: 0x000001a4c471ba40


Dynamic libraries:
0x00007ff6f3280000 - 0x00007ff6f3290000 	C:\Program Files\Java\jdk-23\bin\javaw.exe
0x00007ffcdeaf0000 - 0x00007ffcded07000 	C:\WINDOWS\SYSTEM32\ntdll.dll
0x00007ffcdd160000 - 0x00007ffcdd224000 	C:\WINDOWS\System32\KERNEL32.DLL
0x00007ffcdbc00000 - 0x00007ffcdbfd3000 	C:\WINDOWS\System32\KERNELBASE.dll
0x00007ffcdc090000 - 0x00007ffcdc1a1000 	C:\WINDOWS\System32\ucrtbase.dll
0x00007ffccd330000 - 0x00007ffccd347000 	C:\Program Files\Java\jdk-23\bin\jli.dll
0x00007ffccd350000 - 0x00007ffccd36b000 	C:\Program Files\Java\jdk-23\bin\VCRUNTIME140.dll
0x00007ffcddff0000 - 0x00007ffcde1a1000 	C:\WINDOWS\System32\USER32.dll
0x00007ffcdc760000 - 0x00007ffcdc786000 	C:\WINDOWS\System32\win32u.dll
0x00007ffcdcbb0000 - 0x00007ffcdcbd9000 	C:\WINDOWS\System32\GDI32.dll
0x00007ffccdee0000 - 0x00007ffcce178000 	C:\WINDOWS\WinSxS\amd64_microsoft.windows.common-controls_6595b64144ccf1df_6.0.22621.5124_none_270e8f4f7386d69d\COMCTL32.dll
0x00007ffcdc640000 - 0x00007ffcdc75b000 	C:\WINDOWS\System32\gdi32full.dll
0x00007ffcdc460000 - 0x00007ffcdc4fa000 	C:\WINDOWS\System32\msvcp_win.dll
0x00007ffcddc80000 - 0x00007ffcddd27000 	C:\WINDOWS\System32\msvcrt.dll
0x00007ffcdd230000 - 0x00007ffcdd261000 	C:\WINDOWS\System32\IMM32.DLL
0x00007ffcd7810000 - 0x00007ffcd781c000 	C:\Program Files\Java\jdk-23\bin\vcruntime140_1.dll
0x00007ffca5090000 - 0x00007ffca511e000 	C:\Program Files\Java\jdk-23\bin\msvcp140.dll
0x00007ffc28e40000 - 0x00007ffc29b90000 	C:\Program Files\Java\jdk-23\bin\server\jvm.dll
0x00007ffcdcaf0000 - 0x00007ffcdcba1000 	C:\WINDOWS\System32\ADVAPI32.dll
0x00007ffcdcbe0000 - 0x00007ffcdcc88000 	C:\WINDOWS\System32\sechost.dll
0x00007ffcdbfe0000 - 0x00007ffcdc008000 	C:\WINDOWS\System32\bcrypt.dll
0x00007ffcdc840000 - 0x00007ffcdc954000 	C:\WINDOWS\System32\RPCRT4.dll
0x00007ffcdcca0000 - 0x00007ffcdcd11000 	C:\WINDOWS\System32\WS2_32.dll
0x00007ffcdbad0000 - 0x00007ffcdbb1d000 	C:\WINDOWS\SYSTEM32\POWRPROF.dll
0x00007ffcd71b0000 - 0x00007ffcd71e4000 	C:\WINDOWS\SYSTEM32\WINMM.dll
0x00007ffcd0de0000 - 0x00007ffcd0dea000 	C:\WINDOWS\SYSTEM32\VERSION.dll
0x00007ffcdbab0000 - 0x00007ffcdbac3000 	C:\WINDOWS\SYSTEM32\UMPDC.dll
0x00007ffcdac10000 - 0x00007ffcdac28000 	C:\WINDOWS\SYSTEM32\kernel.appcore.dll
0x00007ffccd5c0000 - 0x00007ffccd5ca000 	C:\Program Files\Java\jdk-23\bin\jimage.dll
0x00007ffcd52b0000 - 0x00007ffcd54e2000 	C:\WINDOWS\SYSTEM32\DBGHELP.DLL
0x00007ffcdcd20000 - 0x00007ffcdd0b2000 	C:\WINDOWS\System32\combase.dll
0x00007ffcdd810000 - 0x00007ffcdd8e7000 	C:\WINDOWS\System32\OLEAUT32.dll
0x00007ffccd8c0000 - 0x00007ffccd8f2000 	C:\WINDOWS\SYSTEM32\dbgcore.DLL
0x00007ffcdc010000 - 0x00007ffcdc08b000 	C:\WINDOWS\System32\bcryptPrimitives.dll
0x00007ffccd310000 - 0x00007ffccd32e000 	C:\Program Files\Java\jdk-23\bin\java.dll
0x00007ffcddd30000 - 0x00007ffcdded1000 	C:\WINDOWS\System32\ole32.dll
0x00007ffcde210000 - 0x00007ffcdeaa6000 	C:\WINDOWS\System32\SHELL32.dll
0x00007ffcdc500000 - 0x00007ffcdc63f000 	C:\WINDOWS\System32\wintypes.dll
0x00007ffcd9ad0000 - 0x00007ffcda3ea000 	C:\WINDOWS\SYSTEM32\windows.storage.dll
0x00007ffcddee0000 - 0x00007ffcddfea000 	C:\WINDOWS\System32\SHCORE.dll
0x00007ffcdc960000 - 0x00007ffcdc9c3000 	C:\WINDOWS\System32\shlwapi.dll
0x00007ffcdbb30000 - 0x00007ffcdbb5b000 	C:\WINDOWS\SYSTEM32\profapi.dll
0x00007ffca4fb0000 - 0x00007ffca5087000 	C:\Program Files\Java\jdk-23\bin\jsvml.dll
0x00007ffccd300000 - 0x00007ffccd310000 	C:\Program Files\Java\jdk-23\bin\net.dll
0x00007ffcdb0b0000 - 0x00007ffcdb11a000 	C:\WINDOWS\system32\mswsock.dll
0x00007ffccd2e0000 - 0x00007ffccd2f6000 	C:\Program Files\Java\jdk-23\bin\nio.dll
0x00007ffcccde0000 - 0x00007ffcccdf7000 	C:\Program Files\Java\jdk-23\bin\zip.dll
0x0000000069ac0000 - 0x0000000069ae4000 	C:\Users\loren\AppData\Local\Temp\jansi-2.4.0-3d2ee1a2e06054b5-jansi.dll

dbghelp: loaded successfully - version: 4.0.5 - missing functions: none
symbol engine: initialized successfully - sym options: 0x614 - pdb path: .;C:\Program Files\Java\jdk-23\bin;C:\WINDOWS\SYSTEM32;C:\WINDOWS\WinSxS\amd64_microsoft.windows.common-controls_6595b64144ccf1df_6.0.22621.5124_none_270e8f4f7386d69d;C:\Program Files\Java\jdk-23\bin\server;C:\Users\loren\AppData\Local\Temp

VM Arguments:
java_command: C:\Users\loren\.m2\repository\org\fusesource\jansi\jansi\2.4.0\jansi-2.4.0.jar
java_class_path (initial): C:\Users\loren\.m2\repository\org\fusesource\jansi\jansi\2.4.0\jansi-2.4.0.jar
Launcher Type: SUN_STANDARD

[Global flags]
     intx CICompilerCount                          = 4                                         {product} {ergonomic}
     uint ConcGCThreads                            = 2                                         {product} {ergonomic}
     uint G1ConcRefinementThreads                  = 8                                         {product} {ergonomic}
   size_t G1HeapRegionSize                         = 1048576                                   {product} {ergonomic}
   size_t InitialHeapSize                          = 100663296                                 {product} {ergonomic}
   size_t MarkStackSize                            = 4194304                                   {product} {ergonomic}
   size_t MarkStackSizeMax                         = 536870912                                 {product} {ergonomic}
   size_t MaxHeapSize                              = 1589641216                                {product} {ergonomic}
   size_t MaxNewSize                               = 953155584                                 {product} {ergonomic}
   size_t MinHeapDeltaBytes                        = 1048576                                   {product} {ergonomic}
   size_t MinHeapSize                              = 8388608                                   {product} {ergonomic}
    uintx NonNMethodCodeHeapSize                   = 5832704                                {pd product} {ergonomic}
    uintx NonProfiledCodeHeapSize                  = 122945536                              {pd product} {ergonomic}
    uintx ProfiledCodeHeapSize                     = 122880000                              {pd product} {ergonomic}
    uintx ReservedCodeCacheSize                    = 251658240                              {pd product} {ergonomic}
     bool SegmentedCodeCache                       = true                                      {product} {ergonomic}
   size_t SoftMaxHeapSize                          = 1589641216                             {manageable} {ergonomic}
     bool UseCompressedOops                        = true                           {product lp64_product} {ergonomic}
     bool UseG1GC                                  = true                                      {product} {ergonomic}
     bool UseLargePagesIndividualAllocation        = false                                  {pd product} {ergonomic}

Logging:
Log output configuration:
 #0: stdout all=warning uptime,level,tags foldmultilines=false
 #1: stderr all=off uptime,level,tags foldmultilines=false

Environment Variables:
PATH=C:\Program Files\Eclipse Adoptium\jdk-21.0.7.6-hotspot\bin;C:\ProgramData\Oracle\Java\javapath;C:\Program Files (x86)\Common Files\Oracle\Java\javapath;C:\WINDOWS\system32;C:\WINDOWS;C:\WINDOWS\System32\Wbem;C:\WINDOWS\System32\WindowsPowerShell\v1.0\;C:\WINDOWS\System32\OpenSSH\;C:\Program Files\MATLAB\R2024a\bin;C:\Program Files\Git\cmd;C:\Users\loren\AppData\Local\Programs\Python\Python311\Scripts\;C:\Users\loren\AppData\Local\Programs\Python\Python311\;C:\Users\loren\AppData\Local\Microsoft\WindowsApps;C:\msys64\ucrt64\bin;C:\Users\loren\AppData\Local\JetBrains\Toolbox\scripts;C:\Users\loren\AppData\Local\Programs\Microsoft VS Code\bin;C:\Program Files\Eclipse Adoptium\jdk-21.0.7.6-hotspot\bin;
USERNAME=loren
OS=Windows_NT
PROCESSOR_IDENTIFIER=AMD64 Family 23 Model 24 Stepping 1, AuthenticAMD
TMP=C:\Users\loren\AppData\Local\Temp
TEMP=C:\Users\loren\AppData\Local\Temp




Periodic native trim disabled

---------------  S Y S T E M  ---------------

OS:
 Windows 11 , 64 bit Build 22621 (10.0.22621.5124)
OS uptime: 2 days 0:07 hours
Hyper-V role detected

CPU: total 8 (initial active 8) (8 cores per cpu, 2 threads per core) family 23 model 24 stepping 1 microcode 0x0, cx8, cmov, fxsr, ht, mmx, 3dnowpref, sse, sse2, sse3, ssse3, sse4a, sse4.1, sse4.2, popcnt, lzcnt, tsc, tscinvbit, avx, avx2, aes, clmul, bmi1, bmi2, adx, sha, fma, vzeroupper, clflush, clflushopt, hv, rdtscp, f16c
Processor Information for the first 8 processors :
  Max Mhz: 2100, Current Mhz: 2100, Mhz Limit: 2100

Memory: 4k page, system-wide physical 6060M (733M free)
TotalPageFile size 14764M (AvailPageFile size 2860M)
current process WorkingSet (physical memory assigned to process): 39M, peak: 39M
current process commit charge ("private bytes"): 177M, peak: 177M

vm_info: Java HotSpot(TM) 64-Bit Server VM (23.0.2+7-58) for windows-amd64 JRE (23.0.2+7-58), built on 2024-11-29T09:34:55Z with MS VC++ 17.6 (VS2022)

END.
